<?xml version="1.0" encoding="UTF-8"?>
<!-- Generated by org.testng.reporters.JUnitReportReporter -->
<testsuite hostname="DESKTOP-K0JCJ3F" failures="0" tests="1" name="Test.Kite_Test" time="6.651" errors="0" timestamp="2022-09-05T20:13:24 IST" skipped="0">
  <testcase classname="Test.Kite_Test" name="verfuser" time="6.651"/>
  <system-out>
    <![CDATA[running verify user id]]>
  </system-out>
</testsuite> <!-- Test.Kite_Test -->
