<?xml version="1.0" encoding="UTF-8"?>
<!-- Generated by org.testng.reporters.JUnitReportReporter -->
<testsuite hostname="DESKTOP-K0JCJ3F" failures="0" tests="1" name="Test.Kite_Test1" time="16.599" errors="0" timestamp="2022-09-09T11:39:47 IST" skipped="0">
  <testcase classname="Test.Kite_Test1" name="verifyuserID" time="16.599"/>
  <system-out>
    <![CDATA[running verify userid]]>
  </system-out>
</testsuite> <!-- Test.Kite_Test1 -->
